<?xml version="1.0" encoding="UTF-8"?>
<!-- Generated by org.testng.reporters.JUnitReportReporter -->
<testsuite skipped="1" hostname="PUNITP348718D" name="com.selenium.testScripts.WWIMS_01" tests="3" failures="0" timestamp="30 Jul 2018 06:12:44 GMT" time="298.336" errors="0">
  <testcase name="test_01" time="209.063" classname="com.selenium.testScripts.WWIMS_01"/>
  <testcase name="test_03" time="89.273" classname="com.selenium.testScripts.WWIMS_01"/>
  <testcase name="test_02" classname="com.selenium.testScripts.WWIMS_01">
    <skipped/>
  </testcase> <!-- test_02 -->
</testsuite> <!-- com.selenium.testScripts.WWIMS_01 -->
