<?xml version="1.0" encoding="UTF-8"?>
<!-- Generated by org.testng.reporters.JUnitReportReporter -->
<testsuite skipped="2" hostname="PUNITP348718D" name="com.selenium.testScripts.MavenDemoTest_04" tests="3" failures="0" timestamp="27 Jul 2018 12:21:49 GMT" time="14.338" errors="0">
  <testcase name="test_03" time="14.338" classname="com.selenium.testScripts.MavenDemoTest_04"/>
  <testcase name="test_01" classname="com.selenium.testScripts.MavenDemoTest_04">
    <skipped/>
  </testcase> <!-- test_01 -->
  <testcase name="test_02" classname="com.selenium.testScripts.MavenDemoTest_04">
    <skipped/>
  </testcase> <!-- test_02 -->
</testsuite> <!-- com.selenium.testScripts.MavenDemoTest_04 -->
