<?xml version="1.0" encoding="UTF-8"?>
<!-- Generated by org.testng.reporters.JUnitReportReporter -->
<testsuite skipped="0" hostname="PUNITP348718D" name="com.selenium.testScripts.Connect" tests="1" failures="0" timestamp="01 Aug 2018 07:58:02 GMT" time="77.109" errors="0">
  <testcase name="test_01" time="77.109" classname="com.selenium.testScripts.Connect"/>
</testsuite> <!-- com.selenium.testScripts.Connect -->
