<?xml version="1.0" encoding="UTF-8"?>
<!-- Generated by org.testng.reporters.JUnitReportReporter -->
<testsuite skipped="0" hostname="PUNITP348718D" name="SeleniumDemoNew.SeleniumDemoNew.MavenDemoTest" tests="1" failures="0" timestamp="19 Jul 2018 06:50:49 GMT" time="32.041" errors="0">
  <testcase name="test" time="32.041" classname="SeleniumDemoNew.SeleniumDemoNew.MavenDemoTest"/>
</testsuite> <!-- SeleniumDemoNew.SeleniumDemoNew.MavenDemoTest -->
