<?xml version="1.0" encoding="UTF-8"?>
<!-- Generated by org.testng.reporters.JUnitReportReporter -->
<testsuite skipped="0" hostname="PUNITP348718D" name="SeleniumDemoNew.SeleniumDemoNew.MavenDemoTest_04" tests="2" failures="0" timestamp="24 Jul 2018 13:11:12 GMT" time="45.838" errors="0">
  <testcase name="test_01" time="16.752" classname="SeleniumDemoNew.SeleniumDemoNew.MavenDemoTest_04"/>
  <testcase name="test_02" time="29.086" classname="SeleniumDemoNew.SeleniumDemoNew.MavenDemoTest_04"/>
</testsuite> <!-- SeleniumDemoNew.SeleniumDemoNew.MavenDemoTest_04 -->
