<?xml version="1.0" encoding="UTF-8"?>
<!-- Generated by org.testng.reporters.JUnitReportReporter -->
<testsuite skipped="0" hostname="PUNITP348718D" name="com.selenium.testScripts.WWIMS_02" tests="1" failures="0" timestamp="30 Jul 2018 10:28:31 GMT" time="58.062" errors="0">
  <testcase name="test_01" time="58.062" classname="com.selenium.testScripts.WWIMS_02"/>
</testsuite> <!-- com.selenium.testScripts.WWIMS_02 -->
