<?xml version="1.0" encoding="UTF-8"?>
<!-- Generated by org.testng.reporters.JUnitReportReporter -->
<testsuite skipped="0" hostname="PUNITP348718D" name="com.selenium.automationScripts.Connect_UploadAndShare" tests="1" failures="0" timestamp="17 Oct 2018 08:54:03 GMT" time="143.923" errors="0">
  <testcase name="uploadAndShare" time="143.923" classname="com.selenium.automationScripts.Connect_UploadAndShare"/>
</testsuite> <!-- com.selenium.automationScripts.Connect_UploadAndShare -->
