<?xml version="1.0" encoding="UTF-8"?>
<!-- Generated by org.testng.reporters.JUnitReportReporter -->
<testsuite skipped="0" hostname="PUNITP348718D" name="com.selenium.testScripts.ITSM" tests="1" failures="0" timestamp="03 Aug 2018 05:54:30 GMT" time="114.407" errors="0">
  <testcase name="test_01" time="114.407" classname="com.selenium.testScripts.ITSM"/>
</testsuite> <!-- com.selenium.testScripts.ITSM -->
